<?xml version="1.0" encoding="utf-8" ?>
<!DOCTYPE html PUBLIC "-//W3C//DTD XHTML 1.0 Strict//EN"
        "http://www.w3.org/TR/xhtml1/DTD/xhtml1-strict.dtd">
<html xmlns="http://www.w3.org/1999/xhtml" xml:lang="" lang="">
<head>
  <title>Test Results Report - 2Test</title>
  <meta http-equiv="Content-Type" content="text/html;charset=utf-8" />
  <meta name="description" content="TestNG unit test results." />
  <link href="reportng.css" rel="stylesheet" type="text/css" />
    <script type="text/javascript" src="reportng.js"></script>
</head>
<body>
<h1>2Test</h1>
<p>
  Test duration: 0.007s
</p>

  <table class="resultsTable configTable">
    <tr><th colspan="3" class="header failedConfig">Failed Configuration</th></tr>
              <tr class="group">
        <td colspan="3">com.epam.tat.realtor.tests.MortgageCalculatorTest</td>
      </tr>
            
<tr>
  <td class="method">
                  initPage
      </td>
  <td class="duration">
    0.003s
  </td>
  <td class="result">
        
    
        

        <a href="javascript:toggleElement('exception-0', 'block')" title="Click to expand/collapse"><b>org.openqa.selenium.NoSuchSessionException: Session ID is null. Using WebDriver after calling quit()?<br/>
Build info: version: &apos;3.14.0&apos;, revision: &apos;aacccce0&apos;, time: &apos;2018-08-02T20:19:58.91Z&apos;<br/>
System info: host: &apos;EPBYMINW7573&apos;, ip: &apos;10.6.102.35&apos;, os.name: &apos;Windows 10&apos;, os.arch: &apos;amd64&apos;, os.version: &apos;10.0&apos;, java.version: &apos;1.8.0_161&apos;<br/>
Driver info: driver.version: RemoteWebDriver</b></a><br />
    <div class="stackTrace" id="exception-0">
              org.openqa.selenium.remote.HttpCommandExecutor.execute(HttpCommandExecutor.java:125)<br />
              org.openqa.selenium.remote.service.DriverCommandExecutor.execute(DriverCommandExecutor.java:83)<br />
              org.openqa.selenium.remote.RemoteWebDriver.execute(RemoteWebDriver.java:548)<br />
              org.openqa.selenium.remote.RemoteWebDriver.execute(RemoteWebDriver.java:605)<br />
              org.openqa.selenium.remote.RemoteWebDriver$RemoteWebDriverOptions.deleteAllCookies(RemoteWebDriver.java:690)<br />
              com.epam.tat.realtor.tests.BaseTest.initPage(BaseTest.java:26)<br />
              sun.reflect.NativeMethodAccessorImpl.invoke0(Native Method)<br />
              sun.reflect.NativeMethodAccessorImpl.invoke(NativeMethodAccessorImpl.java:62)<br />
              sun.reflect.DelegatingMethodAccessorImpl.invoke(DelegatingMethodAccessorImpl.java:43)<br />
              java.lang.reflect.Method.invoke(Method.java:498)<br />
              org.testng.internal.MethodInvocationHelper.invokeMethod(MethodInvocationHelper.java:131)<br />
              org.testng.internal.MethodInvocationHelper.invokeMethodConsideringTimeout(MethodInvocationHelper.java:61)<br />
              org.testng.internal.Invoker.invokeConfigurationMethod(Invoker.java:511)<br />
              org.testng.internal.Invoker.invokeConfigurations(Invoker.java:241)<br />
              org.testng.internal.Invoker.invokeConfigurations(Invoker.java:144)<br />
              org.testng.internal.TestMethodWorker.invokeBeforeClassMethods(TestMethodWorker.java:173)<br />
              org.testng.internal.TestMethodWorker.run(TestMethodWorker.java:118)<br />
              org.testng.TestRunner.privateRun(TestRunner.java:739)<br />
              org.testng.TestRunner.run(TestRunner.java:589)<br />
              org.testng.SuiteRunner.runTest(SuiteRunner.java:398)<br />
              org.testng.SuiteRunner.runSequentially(SuiteRunner.java:392)<br />
              org.testng.SuiteRunner.privateRun(SuiteRunner.java:354)<br />
              org.testng.SuiteRunner.run(SuiteRunner.java:302)<br />
              org.testng.SuiteRunnerWorker.runSuite(SuiteRunnerWorker.java:53)<br />
              org.testng.SuiteRunnerWorker.run(SuiteRunnerWorker.java:96)<br />
              org.testng.TestNG.runSuitesSequentially(TestNG.java:1145)<br />
              org.testng.TestNG.runSuitesSequentially(TestNG.java:1140)<br />
              org.testng.TestNG.runSuitesLocally(TestNG.java:1067)<br />
              org.testng.TestNG.runSuites(TestNG.java:997)<br />
              org.testng.TestNG.run(TestNG.java:965)<br />
              org.testng.IDEARemoteTestNG.run(IDEARemoteTestNG.java:72)<br />
              org.testng.RemoteTestNGStarter.main(RemoteTestNGStarter.java:123)<br />
                </div>
      </td>
</tr>
          <tr class="group">
        <td colspan="3">com.epam.tat.realtor.tests.RestaurantsFilterTest</td>
      </tr>
            
<tr>
  <td class="method">
                  initPage
      </td>
  <td class="duration">
    0.002s
  </td>
  <td class="result">
        
    
        

        <a href="javascript:toggleElement('exception-1', 'block')" title="Click to expand/collapse"><b>org.openqa.selenium.NoSuchSessionException: Session ID is null. Using WebDriver after calling quit()?<br/>
Build info: version: &apos;3.14.0&apos;, revision: &apos;aacccce0&apos;, time: &apos;2018-08-02T20:19:58.91Z&apos;<br/>
System info: host: &apos;EPBYMINW7573&apos;, ip: &apos;10.6.102.35&apos;, os.name: &apos;Windows 10&apos;, os.arch: &apos;amd64&apos;, os.version: &apos;10.0&apos;, java.version: &apos;1.8.0_161&apos;<br/>
Driver info: driver.version: RemoteWebDriver</b></a><br />
    <div class="stackTrace" id="exception-1">
              org.openqa.selenium.remote.HttpCommandExecutor.execute(HttpCommandExecutor.java:125)<br />
              org.openqa.selenium.remote.service.DriverCommandExecutor.execute(DriverCommandExecutor.java:83)<br />
              org.openqa.selenium.remote.RemoteWebDriver.execute(RemoteWebDriver.java:548)<br />
              org.openqa.selenium.remote.RemoteWebDriver.execute(RemoteWebDriver.java:605)<br />
              org.openqa.selenium.remote.RemoteWebDriver$RemoteWebDriverOptions.deleteAllCookies(RemoteWebDriver.java:690)<br />
              com.epam.tat.realtor.tests.BaseTest.initPage(BaseTest.java:26)<br />
              sun.reflect.NativeMethodAccessorImpl.invoke0(Native Method)<br />
              sun.reflect.NativeMethodAccessorImpl.invoke(NativeMethodAccessorImpl.java:62)<br />
              sun.reflect.DelegatingMethodAccessorImpl.invoke(DelegatingMethodAccessorImpl.java:43)<br />
              java.lang.reflect.Method.invoke(Method.java:498)<br />
              org.testng.internal.MethodInvocationHelper.invokeMethod(MethodInvocationHelper.java:131)<br />
              org.testng.internal.MethodInvocationHelper.invokeMethodConsideringTimeout(MethodInvocationHelper.java:61)<br />
              org.testng.internal.Invoker.invokeConfigurationMethod(Invoker.java:511)<br />
              org.testng.internal.Invoker.invokeConfigurations(Invoker.java:241)<br />
              org.testng.internal.Invoker.invokeConfigurations(Invoker.java:144)<br />
              org.testng.internal.TestMethodWorker.invokeBeforeClassMethods(TestMethodWorker.java:173)<br />
              org.testng.internal.TestMethodWorker.run(TestMethodWorker.java:118)<br />
              org.testng.TestRunner.privateRun(TestRunner.java:739)<br />
              org.testng.TestRunner.run(TestRunner.java:589)<br />
              org.testng.SuiteRunner.runTest(SuiteRunner.java:398)<br />
              org.testng.SuiteRunner.runSequentially(SuiteRunner.java:392)<br />
              org.testng.SuiteRunner.privateRun(SuiteRunner.java:354)<br />
              org.testng.SuiteRunner.run(SuiteRunner.java:302)<br />
              org.testng.SuiteRunnerWorker.runSuite(SuiteRunnerWorker.java:53)<br />
              org.testng.SuiteRunnerWorker.run(SuiteRunnerWorker.java:96)<br />
              org.testng.TestNG.runSuitesSequentially(TestNG.java:1145)<br />
              org.testng.TestNG.runSuitesSequentially(TestNG.java:1140)<br />
              org.testng.TestNG.runSuitesLocally(TestNG.java:1067)<br />
              org.testng.TestNG.runSuites(TestNG.java:997)<br />
              org.testng.TestNG.run(TestNG.java:965)<br />
              org.testng.IDEARemoteTestNG.run(IDEARemoteTestNG.java:72)<br />
              org.testng.RemoteTestNGStarter.main(RemoteTestNGStarter.java:123)<br />
                </div>
      </td>
</tr>
    
      </table>



  <table class="resultsTable" width="100%">
    <tr><th colspan="3" class="header skipped">Skipped Tests</th></tr>
          <tr>
        <td colspan="3" class="group">com.epam.tat.realtor.tests.MortgageCalculatorTest</td>
      </tr>
            
<tr>
  <td class="method">
                  mortgageCalculatorTest
      </td>
  <td class="duration">
    0.000s
  </td>
  <td class="result">
                               
    
        

      </td>
</tr>
<tr>
  <td class="method">
                  mortgageCalculatorTest
      </td>
  <td class="duration">
    0.000s
  </td>
  <td class="result">
                               
    
        

      </td>
</tr>
<tr>
  <td class="method">
                  mortgageCalculatorTest
      </td>
  <td class="duration">
    0.000s
  </td>
  <td class="result">
                               
    
        

      </td>
</tr>
<tr>
  <td class="method">
                  mortgageCalculatorTest
      </td>
  <td class="duration">
    0.000s
  </td>
  <td class="result">
                               
    
        

      </td>
</tr>
<tr>
  <td class="method">
                  mortgageCalculatorTest
      </td>
  <td class="duration">
    0.000s
  </td>
  <td class="result">
                               
    
        

      </td>
</tr>
<tr>
  <td class="method">
                  mortgageCalculatorTest
      </td>
  <td class="duration">
    0.000s
  </td>
  <td class="result">
                               
    
        

      </td>
</tr>
          <tr>
        <td colspan="3" class="group">com.epam.tat.realtor.tests.RestaurantsFilterTest</td>
      </tr>
            
<tr>
  <td class="method">
                  restaurantsFilter
      </td>
  <td class="duration">
    0.000s
  </td>
  <td class="result">
                               
    
        

      </td>
</tr>
      </table>

  
</body>
</html>
