{"uuid":"5b929f6f-bc72-4c64-ae8a-c91b815056ac","historyId":"48fd5cc797d91aaa6a53cb5f2dabd014","fullName":"com.epam.tat.realtor.tests.EditMyHomeInfoTest.editHomeInfo","labels":[{"name":"package","value":"com.epam.tat.realtor.tests.EditMyHomeInfoTest"},{"name":"testClass","value":"com.epam.tat.realtor.tests.EditMyHomeInfoTest"},{"name":"testMethod","value":"editHomeInfo"},{"name":"parentSuite","value":"Default Suite"},{"name":"suite","value":"realtor"},{"name":"subSuite","value":"com.epam.tat.realtor.tests.EditMyHomeInfoTest"},{"name":"host","value":"EPBYMINW7576"},{"name":"thread","value":"4840@EPBYMINW7576.main(1)"}],"links":[],"name":"editHomeInfo","status":"skipped","statusDetails":{"known":false,"muted":false,"flaky":false,"message":"Expected condition failed: waiting for visibility of element located by By.xpath: //*[@class='owner-verification-data-form__action-button call-to-action__button centered col-xxxs-12 margin-top-lg'] (tried for 30 second(s) with 500 milliseconds interval)","trace":"org.openqa.selenium.TimeoutException: Expected condition failed: waiting for visibility of element located by By.xpath: //*[@class='owner-verification-data-form__action-button call-to-action__button centered col-xxxs-12 margin-top-lg'] (tried for 30 second(s) with 500 milliseconds interval)\r\n\tat org.openqa.selenium.support.ui.WebDriverWait.timeoutException(WebDriverWait.java:113)\r\n\tat org.openqa.selenium.support.ui.FluentWait.until(FluentWait.java:283)\r\n\tat com.epam.tat.realtor.pages.BasePage.waitUntilElementIsVisible(BasePage.java:50)\r\n\tat com.epam.tat.realtor.pages.MyHomePage.closeVerificationWindows(MyHomePage.java:70)\r\n\tat com.epam.tat.realtor.steps.MyHomePageStep.editHomeInfo(MyHomePageStep.java:42)\r\n\tat com.epam.tat.realtor.tests.EditMyHomeInfoTest.editHomeInfo(EditMyHomeInfoTest.java:42)\r\n\tat sun.reflect.NativeMethodAccessorImpl.invoke0(Native Method)\r\n\tat sun.reflect.NativeMethodAccessorImpl.invoke(NativeMethodAccessorImpl.java:62)\r\n\tat sun.reflect.DelegatingMethodAccessorImpl.invoke(DelegatingMethodAccessorImpl.java:43)\r\n\tat java.lang.reflect.Method.invoke(Method.java:498)\r\n\tat org.testng.internal.MethodInvocationHelper.invokeMethod(MethodInvocationHelper.java:131)\r\n\tat org.testng.internal.Invoker.invokeMethod(Invoker.java:658)\r\n\tat org.testng.internal.Invoker.invokeTestMethod(Invoker.java:792)\r\n\tat org.testng.internal.Invoker.invokeTestMethods(Invoker.java:1103)\r\n\tat org.testng.internal.TestMethodWorker.invokeTestMethods(TestMethodWorker.java:140)\r\n\tat org.testng.internal.TestMethodWorker.run(TestMethodWorker.java:122)\r\n\tat org.testng.TestRunner.privateRun(TestRunner.java:739)\r\n\tat org.testng.TestRunner.run(TestRunner.java:589)\r\n\tat org.testng.SuiteRunner.runTest(SuiteRunner.java:398)\r\n\tat org.testng.SuiteRunner.runSequentially(SuiteRunner.java:392)\r\n\tat org.testng.SuiteRunner.privateRun(SuiteRunner.java:354)\r\n\tat org.testng.SuiteRunner.run(SuiteRunner.java:302)\r\n\tat org.testng.SuiteRunnerWorker.runSuite(SuiteRunnerWorker.java:53)\r\n\tat org.testng.SuiteRunnerWorker.run(SuiteRunnerWorker.java:96)\r\n\tat org.testng.TestNG.runSuitesSequentially(TestNG.java:1145)\r\n\tat org.testng.TestNG.runSuitesLocally(TestNG.java:1067)\r\n\tat org.testng.TestNG.runSuites(TestNG.java:997)\r\n\tat org.testng.TestNG.run(TestNG.java:965)\r\n\tat org.testng.IDEARemoteTestNG.run(IDEARemoteTestNG.java:72)\r\n\tat org.testng.RemoteTestNGStarter.main(RemoteTestNGStarter.java:123)\r\nCaused by: org.openqa.selenium.NoSuchElementException: Cannot locate an element using By.xpath: //*[@class='owner-verification-data-form__action-button call-to-action__button centered col-xxxs-12 margin-top-lg']\nFor documentation on this error, please visit: http://seleniumhq.org/exceptions/no_such_element.html\nBuild info: version: '3.14.0', revision: 'aacccce0', time: '2018-08-02T20:19:58.91Z'\nSystem info: host: 'EPBYMINW7576', ip: '10.6.102.51', os.name: 'Windows 10', os.arch: 'amd64', os.version: '10.0', java.version: '1.8.0_171'\nDriver info: driver.version: unknown\r\n\tat org.openqa.selenium.support.ui.ExpectedConditions.lambda$findElement$0(ExpectedConditions.java:896)\r\n\tat java.util.Optional.orElseThrow(Optional.java:290)\r\n\tat org.openqa.selenium.support.ui.ExpectedConditions.findElement(ExpectedConditions.java:895)\r\n\tat org.openqa.selenium.support.ui.ExpectedConditions.access$000(ExpectedConditions.java:44)\r\n\tat org.openqa.selenium.support.ui.ExpectedConditions$7.apply(ExpectedConditions.java:206)\r\n\tat org.openqa.selenium.support.ui.ExpectedConditions$7.apply(ExpectedConditions.java:202)\r\n\tat org.openqa.selenium.support.ui.FluentWait.until(FluentWait.java:260)\r\n\t... 28 more\r\n"},"stage":"finished","start":1540629800746,"stop":1540629873728,"parameters":[]}